2022-06-03 19:17:48,987 DEBUG logging.InternalLoggerFactory [main] Using Log4J2 as the default logging framework
2022-06-03 19:17:49,005 DEBUG util.ResourceLeakDetector [main] -Dio.netty.leakDetection.level: simple
2022-06-03 19:17:49,006 DEBUG util.ResourceLeakDetector [main] -Dio.netty.leakDetection.targetRecords: 4
2022-06-03 19:17:49,015 DEBUG util.ResourceLeakDetectorFactory [main] Loaded default ResourceLeakDetector: io.netty.util.ResourceLeakDetector@34158c08
2022-06-03 19:17:49,054 DEBUG internal.PlatformDependent0 [main] -Dio.netty.noUnsafe: false
2022-06-03 19:17:49,054 DEBUG internal.PlatformDependent0 [main] Java version: 8
2022-06-03 19:17:49,057 DEBUG internal.PlatformDependent0 [main] sun.misc.Unsafe.theUnsafe: available
2022-06-03 19:17:49,059 DEBUG internal.PlatformDependent0 [main] sun.misc.Unsafe.copyMemory: available
2022-06-03 19:17:49,061 DEBUG internal.PlatformDependent0 [main] java.nio.Buffer.address: available
2022-06-03 19:17:49,062 DEBUG internal.PlatformDependent0 [main] direct buffer constructor: available
2022-06-03 19:17:49,064 DEBUG internal.PlatformDependent0 [main] java.nio.Bits.unaligned: available, true
2022-06-03 19:17:49,064 DEBUG internal.PlatformDependent0 [main] jdk.internal.misc.Unsafe.allocateUninitializedArray(int): unavailable prior to Java9
2022-06-03 19:17:49,064 DEBUG internal.PlatformDependent0 [main] java.nio.DirectByteBuffer.<init>(long, int): available
2022-06-03 19:17:49,065 DEBUG internal.PlatformDependent [main] sun.misc.Unsafe: available
2022-06-03 19:17:49,066 DEBUG internal.PlatformDependent [main] -Dio.netty.tmpdir: C:\Users\alexe\AppData\Local\Temp (java.io.tmpdir)
2022-06-03 19:17:49,067 DEBUG internal.PlatformDependent [main] -Dio.netty.bitMode: 64 (sun.arch.data.model)
2022-06-03 19:17:49,068 DEBUG internal.PlatformDependent [main] Platform: Windows
2022-06-03 19:17:49,070 DEBUG internal.PlatformDependent [main] -Dio.netty.maxDirectMemory: 1881145344 bytes
2022-06-03 19:17:49,070 DEBUG internal.PlatformDependent [main] -Dio.netty.uninitializedArrayAllocationThreshold: -1
2022-06-03 19:17:49,072 DEBUG internal.CleanerJava6 [main] java.nio.ByteBuffer.cleaner(): available
2022-06-03 19:17:49,073 DEBUG internal.PlatformDependent [main] -Dio.netty.noPreferDirect: false
2022-06-03 19:17:49,088 DEBUG internal.PlatformDependent [main] org.jctools-core.MpscChunkedArrayQueue: available
2022-06-03 19:17:49,132 DEBUG internal.InternalThreadLocalMap [main] -Dio.netty.threadLocalMap.stringBuilder.initialSize: 1024
2022-06-03 19:17:49,133 DEBUG internal.InternalThreadLocalMap [main] -Dio.netty.threadLocalMap.stringBuilder.maxSize: 4096
2022-06-03 19:17:49,161 DEBUG ssl.JdkSslContext [main] Default protocols (JDK): [TLSv1.2, TLSv1.1, TLSv1] 
2022-06-03 19:17:49,162 DEBUG ssl.JdkSslContext [main] Default cipher suites (JDK): [TLS_ECDHE_ECDSA_WITH_AES_256_GCM_SHA384, TLS_ECDHE_ECDSA_WITH_AES_128_GCM_SHA256, TLS_ECDHE_RSA_WITH_AES_128_GCM_SHA256, TLS_ECDHE_RSA_WITH_AES_256_GCM_SHA384, TLS_ECDHE_RSA_WITH_AES_128_CBC_SHA, TLS_ECDHE_RSA_WITH_AES_256_CBC_SHA, TLS_RSA_WITH_AES_128_GCM_SHA256, TLS_RSA_WITH_AES_128_CBC_SHA, TLS_RSA_WITH_AES_256_CBC_SHA, TLS_AES_128_GCM_SHA256, TLS_AES_256_GCM_SHA384]
2022-06-03 19:17:49,225 DEBUG channel.MultithreadEventLoopGroup [main] -Dio.netty.eventLoopThreads: 16
2022-06-03 19:17:49,246 DEBUG nio.NioEventLoop [main] -Dio.netty.noKeySetOptimization: false
2022-06-03 19:17:49,247 DEBUG nio.NioEventLoop [main] -Dio.netty.selectorAutoRebuildThreshold: 512
2022-06-03 19:17:49,271 TRACE nio.NioEventLoop [main] instrumented a special java.util.Set into: sun.nio.ch.WindowsSelectorImpl@3724af13
2022-06-03 19:17:49,274 TRACE nio.NioEventLoop [main] instrumented a special java.util.Set into: sun.nio.ch.WindowsSelectorImpl@180da663
2022-06-03 19:17:49,276 TRACE nio.NioEventLoop [main] instrumented a special java.util.Set into: sun.nio.ch.WindowsSelectorImpl@a43ce46
2022-06-03 19:17:49,279 TRACE nio.NioEventLoop [main] instrumented a special java.util.Set into: sun.nio.ch.WindowsSelectorImpl@340da44c
2022-06-03 19:17:49,280 TRACE nio.NioEventLoop [main] instrumented a special java.util.Set into: sun.nio.ch.WindowsSelectorImpl@424ebba3
2022-06-03 19:17:49,283 TRACE nio.NioEventLoop [main] instrumented a special java.util.Set into: sun.nio.ch.WindowsSelectorImpl@37052337
2022-06-03 19:17:49,284 TRACE nio.NioEventLoop [main] instrumented a special java.util.Set into: sun.nio.ch.WindowsSelectorImpl@2320fa6f
2022-06-03 19:17:49,286 TRACE nio.NioEventLoop [main] instrumented a special java.util.Set into: sun.nio.ch.WindowsSelectorImpl@7a560583
2022-06-03 19:17:49,288 TRACE nio.NioEventLoop [main] instrumented a special java.util.Set into: sun.nio.ch.WindowsSelectorImpl@4d722ac9
2022-06-03 19:17:49,289 TRACE nio.NioEventLoop [main] instrumented a special java.util.Set into: sun.nio.ch.WindowsSelectorImpl@53f0a4cb
2022-06-03 19:17:49,291 TRACE nio.NioEventLoop [main] instrumented a special java.util.Set into: sun.nio.ch.WindowsSelectorImpl@77a7cf58
2022-06-03 19:17:49,293 TRACE nio.NioEventLoop [main] instrumented a special java.util.Set into: sun.nio.ch.WindowsSelectorImpl@3d97a632
2022-06-03 19:17:49,295 TRACE nio.NioEventLoop [main] instrumented a special java.util.Set into: sun.nio.ch.WindowsSelectorImpl@616fe72b
2022-06-03 19:17:49,298 TRACE nio.NioEventLoop [main] instrumented a special java.util.Set into: sun.nio.ch.WindowsSelectorImpl@37efd131
2022-06-03 19:17:49,300 TRACE nio.NioEventLoop [main] instrumented a special java.util.Set into: sun.nio.ch.WindowsSelectorImpl@7e7b159b
2022-06-03 19:17:49,302 TRACE nio.NioEventLoop [main] instrumented a special java.util.Set into: sun.nio.ch.WindowsSelectorImpl@7e5d9a50
2022-06-03 19:17:49,351 DEBUG buffer.PooledByteBufAllocator [main] -Dio.netty.allocator.numHeapArenas: 16
2022-06-03 19:17:49,352 DEBUG buffer.PooledByteBufAllocator [main] -Dio.netty.allocator.numDirectArenas: 16
2022-06-03 19:17:49,352 DEBUG buffer.PooledByteBufAllocator [main] -Dio.netty.allocator.pageSize: 8192
2022-06-03 19:17:49,353 DEBUG buffer.PooledByteBufAllocator [main] -Dio.netty.allocator.maxOrder: 11
2022-06-03 19:17:49,354 DEBUG buffer.PooledByteBufAllocator [main] -Dio.netty.allocator.chunkSize: 16777216
2022-06-03 19:17:49,354 DEBUG buffer.PooledByteBufAllocator [main] -Dio.netty.allocator.smallCacheSize: 256
2022-06-03 19:17:49,354 DEBUG buffer.PooledByteBufAllocator [main] -Dio.netty.allocator.normalCacheSize: 64
2022-06-03 19:17:49,354 DEBUG buffer.PooledByteBufAllocator [main] -Dio.netty.allocator.maxCachedBufferCapacity: 32768
2022-06-03 19:17:49,354 DEBUG buffer.PooledByteBufAllocator [main] -Dio.netty.allocator.cacheTrimInterval: 8192
2022-06-03 19:17:49,355 DEBUG buffer.PooledByteBufAllocator [main] -Dio.netty.allocator.cacheTrimIntervalMillis: 0
2022-06-03 19:17:49,355 DEBUG buffer.PooledByteBufAllocator [main] -Dio.netty.allocator.useCacheForAllThreads: true
2022-06-03 19:17:49,355 DEBUG buffer.PooledByteBufAllocator [main] -Dio.netty.allocator.maxCachedByteBuffersPerChunk: 1023
2022-06-03 19:17:49,375 DEBUG buffer.ByteBufUtil [main] -Dio.netty.allocator.type: pooled
2022-06-03 19:17:49,375 DEBUG buffer.ByteBufUtil [main] -Dio.netty.threadLocalDirectBufferSize: 0
2022-06-03 19:17:49,375 DEBUG buffer.ByteBufUtil [main] -Dio.netty.maxThreadLocalCharBufferSize: 16384
2022-06-03 19:17:51,567 DEBUG channel.DefaultChannelId [Forwarding newSession on session null to remote] -Dio.netty.processId: 8576 (auto-detected)
2022-06-03 19:17:51,571 DEBUG util.NetUtil [Forwarding newSession on session null to remote] -Djava.net.preferIPv4Stack: false
2022-06-03 19:17:51,572 DEBUG util.NetUtil [Forwarding newSession on session null to remote] -Djava.net.preferIPv6Addresses: false
2022-06-03 19:17:51,867 DEBUG util.NetUtilInitializations [Forwarding newSession on session null to remote] Loopback interface: lo (Software Loopback Interface 1, 127.0.0.1)
2022-06-03 19:17:51,870 DEBUG util.NetUtil [Forwarding newSession on session null to remote] Failed to get SOMAXCONN from sysctl and file \proc\sys\net\core\somaxconn. Default: 200
2022-06-03 19:17:52,201 DEBUG channel.DefaultChannelId [Forwarding newSession on session null to remote] -Dio.netty.machineId: 98:22:ef:ff:fe:bd:07:75 (auto-detected)
2022-06-03 19:17:52,313 DEBUG buffer.AbstractByteBuf [AsyncHttpClient-1-2] -Dio.netty.buffer.checkAccessible: true
2022-06-03 19:17:52,314 DEBUG buffer.AbstractByteBuf [AsyncHttpClient-1-2] -Dio.netty.buffer.checkBounds: true
2022-06-03 19:17:52,315 DEBUG util.ResourceLeakDetectorFactory [AsyncHttpClient-1-2] Loaded default ResourceLeakDetector: io.netty.util.ResourceLeakDetector@cf5662d
2022-06-03 19:17:52,364 DEBUG util.Recycler [AsyncHttpClient-1-2] -Dio.netty.recycler.maxCapacityPerThread: 4096
2022-06-03 19:17:52,364 DEBUG util.Recycler [AsyncHttpClient-1-2] -Dio.netty.recycler.maxSharedCapacityFactor: 2
2022-06-03 19:17:52,365 DEBUG util.Recycler [AsyncHttpClient-1-2] -Dio.netty.recycler.linkCapacity: 16
2022-06-03 19:17:52,365 DEBUG util.Recycler [AsyncHttpClient-1-2] -Dio.netty.recycler.ratio: 8
2022-06-03 19:17:52,366 DEBUG util.Recycler [AsyncHttpClient-1-2] -Dio.netty.recycler.delayedQueue.ratio: 8
2022-06-03 19:17:53,652 DEBUG compression.Brotli [AsyncHttpClient-1-2] brotli4j not in the classpath; Brotli support will be unavailable.
2022-06-03 19:17:53,922 DEBUG internal.ThreadLocalRandom [main] -Dio.netty.initialSeedUniquifier: 0x856462766e1d7f57
2022-06-03 19:17:54,160 TRACE websocketx.WebSocket08FrameEncoder [AsyncHttpClient-1-4] Encoding WebSocket Frame opCode=8 length=26
